#
# A fatal error has been detected by the Java Runtime Environment:
#
#  SIGSEGV (0xb) at pc=0x000000012763458d, pid=83943, tid=2571
#
# JRE version: Java(TM) SE Runtime Environment (8.0_45-b14) (build 1.8.0_45-b14)
# Java VM: Java HotSpot(TM) 64-Bit Server VM (25.45-b02 mixed mode bsd-amd64 compressed oops)
# Problematic frame:
# C  [libglass.dylib+0x1558d]  GlassScreenDidChangeScreenParameters+0x9d
#
# Failed to write core dump. Core dumps have been disabled. To enable core dumping, try "ulimit -c unlimited" before starting Java again
#
# If you would like to submit a bug report, please visit:
#   http://bugreport.java.com/bugreport/crash.jsp
#

---------------  T H R E A D  ---------------

Current thread is native thread

siginfo: si_signo: 11 (SIGSEGV), si_code: 1 (SEGV_MAPERR), si_addr: 0x0000000000000000

Registers:
RAX=0x0000000127666bc0, RBX=0x0000000000000000, RCX=0x0000000000000103, RDX=0x00007fb8b1637c70
RSP=0x00007fff580406c0, RBP=0x00007fff580406d0, RSI=0x00007fb8b3302e70, RDI=0x0000000000000000
R8 =0x0000000000000040, R9 =0x00007fff7c8ad1e0, R10=0xffffffffffffffff, R11=0x0000000000000246
R12=0x00007fb8b7ba8d90, R13=0x00007fb8b157ba00, R14=0x00007fb8b157ba40, R15=0x0000000000000000
RIP=0x000000012763458d, EFLAGS=0x0000000000010202, ERR=0x0000000000000004
  TRAPNO=0x000000000000000e

Top of Stack: (sp=0x00007fff580406c0)
0x00007fff580406c0:   00007fff58040718 00007fb8b157ba40
0x00007fff580406d0:   00007fff580406e0 00007fff8e715bbc
0x00007fff580406e0:   00007fff58040700 00007fff8e715b4f
0x00007fff580406f0:   0000000000000000 0000000000000000
0x00007fff58040700:   00007fff58040770 00007fff8e715ac7
0x00007fff58040710:   00007fff7e04f9d0 00007fff7eb860a0
0x00007fff58040720:   0000000042000000 00007fff8e715b10
0x00007fff58040730:   00007fff7bbff720 00007fb8b157ba00
0x00007fff58040740:   00007fb8b7ba8d90 00007fff58040f18
0x00007fff58040750:   00007fff7bd2c780 00007fff58040f18
0x00007fff58040760:   00007fb8b157ba00 00007fff8ead59e2
0x00007fff58040770:   00007fff580407b0 00007fff8e715832
0x00007fff58040780:   00007fff58040d90 0000000000000000
0x00007fff58040790:   00007fff7bd2c780 00007fff58040f18
0x00007fff580407a0:   00007fff9922f4c0 00007fff8ead59e2
0x00007fff580407b0:   00007fff58040ec0 00007fff8e6d25e2
0x00007fff580407c0:   00007fb8b173fc00 0000000000000002
0x00007fff580407d0:   0000000000000000 00007fb8b1600f70
0x00007fff580407e0:   00007fb8b2005048 00007fb8b172efb0
0x00007fff580407f0:   0000000000000000 00007fb8b157baa0
0x00007fff58040800:   0000000000000000 0000000000000000
0x00007fff58040810:   00007fff7bc3cbc0 00007fff58040d90
0x00007fff58040820:   0000000000000001 0000000000000100
0x00007fff58040830:   0000000000000400 00007fff58040c90
0x00007fff58040840:   0000000000000000 0000000000000100
0x00007fff58040850:   4095840000000000 00007fff7bd2c780
0x00007fff58040860:   0000000000000000 00007fff7bc00500
0x00007fff58040870:   00007fff7bd2c780 0000000000000000
0x00007fff58040880:   00007fff7bc00500 00007fb8b7b63d70
0x00007fff58040890:   00007fb8b173fc00 0000000000000002
0x00007fff580408a0:   0000000000000000 00007fff9922f4c0
0x00007fff580408b0:   00007fff58040a70 00007fff98268480 

Instructions: (pc=0x000000012763458d)
0x000000012763456d:   89 df 4c 89 f1 41 ff 90 68 04 00 00 48 8d 05 48
0x000000012763457d:   25 03 00 48 8b 30 48 8d 05 36 26 03 00 48 8b 10
0x000000012763458d:   48 8b 0b 30 c0 48 89 df ff 91 68 04 00 00 48 8b
0x000000012763459d:   03 48 89 df ff 50 78 48 85 c0 74 36 49 89 c6 48 

Register to memory mapping:

RAX=0x0000000127666bc0: jScreenNotifySettingsChanged+0 in /Library/Java/JavaVirtualMachines/jdk1.8.0_45.jdk/Contents/Home/jre/lib/libglass.dylib at 0x000000012761f000
RBX=0x0000000000000000 is an unknown value
RCX=0x0000000000000103 is an unknown value
RDX=0x00007fb8b1637c70 is an unknown value
RSP=0x00007fff580406c0 is an unknown value
RBP=0x00007fff580406d0 is an unknown value
RSI=0x00007fb8b3302e70 is a global jni handle
RDI=0x0000000000000000 is an unknown value
R8 =0x0000000000000040 is an unknown value
R9 =0x00007fff7c8ad1e0: __sFX+0x1c0 in /usr/lib/system/libsystem_c.dylib at 0x00007fff9011a000
R10=0xffffffffffffffff is an unknown value
R11=0x0000000000000246 is an unknown value
R12=0x00007fb8b7ba8d90 is an unknown value
R13=0x00007fb8b157ba00 is an unknown value
R14=0x00007fb8b157ba40 is an unknown value
R15=0x0000000000000000 is an unknown value


Stack: [0x00007fff57846000,0x00007fff58046000],  sp=0x00007fff580406c0,  free space=8169k
Native frames: (J=compiled Java code, j=interpreted, Vv=VM code, C=native code)
C  [libglass.dylib+0x1558d]  GlassScreenDidChangeScreenParameters+0x9d
C  [CoreFoundation+0xa0bbc]  __CFNOTIFICATIONCENTER_IS_CALLING_OUT_TO_AN_OBSERVER__+0xc
C  [CoreFoundation+0xa0b4f]  ___CFXRegistrationPost_block_invoke+0x3f
C  [CoreFoundation+0xa0ac7]  _CFXRegistrationPost+0x197
C  [CoreFoundation+0xa0832]  ___CFXNotificationPost_block_invoke+0x32
C  [CoreFoundation+0x5d5e2]  -[_CFXNotificationRegistrar find:object:observer:enumerator:]+0x782
C  [CoreFoundation+0x5c835]  _CFXNotificationPost+0x2b5
C  [Foundation+0x717a]  -[NSNotificationCenter postNotificationName:object:userInfo:]+0x42
C  [AppKit+0x41c08b]  -[NSApplication _reactToScreenInvalidationImmediately:]+0x17f
C  [AppKit+0x41bedc]  __44-[NSApplication _reactToScreenInvalidation:]_block_invoke+0x3b
C  [CoreFoundation+0xaa4ac]  __CFRUNLOOP_IS_CALLING_OUT_TO_A_BLOCK__+0xc
C  [CoreFoundation+0x89d05]  __CFRunLoopDoBlocks+0x155
C  [CoreFoundation+0x89a6b]  __CFRunLoopRun+0x92b
C  [CoreFoundation+0x88ed8]  CFRunLoopRunSpecific+0x128
C  [java+0x6490]  CreateExecutionEnvironment+0x367
C  [java+0x221c]  JLI_Launch+0x7a0
C  [java+0x84ed]  main+0x65
C  [java+0x1a74]  start+0x34


---------------  P R O C E S S  ---------------

VM state:at safepoint (normal execution)

VM Mutex/Monitor currently owned by a thread:  ([mutex/lock_event])
[0x00007fb8b3003690] Threads_lock - owner thread: 0x00007fb8b482d800
[0x00007fb8b3003b90] Heap_lock - owner thread: 0x00007fb8b23f7800

Heap:
 PSYoungGen      total 76288K, used 31888K [0x000000076ab00000, 0x0000000774000000, 0x00000007c0000000)
  eden space 65536K, 48% used [0x000000076ab00000,0x000000076ca240d0,0x000000076eb00000)
  from space 10752K, 0% used [0x000000076f580000,0x000000076f580000,0x0000000770000000)
  to   space 10752K, 0% used [0x000000076eb00000,0x000000076eb00000,0x000000076f580000)
 ParOldGen       total 121856K, used 12655K [0x00000006c0000000, 0x00000006c7700000, 0x000000076ab00000)
  object space 121856K, 10% used [0x00000006c0000000,0x00000006c0c5beb0,0x00000006c7700000)
 Metaspace       used 26035K, capacity 26998K, committed 27136K, reserved 1073152K
  class space    used 3572K, capacity 3797K, committed 3840K, reserved 1048576K

Card table byte_map: [0x0000000119329000,0x0000000119b2a000] byte_map_base: 0x0000000115d29000

Marking Bits: (ParMarkBitMap*) 0x00000001098c27a0
 Begin Bits: [0x000000011a080000, 0x000000011e080000)
 End Bits:   [0x000000011e080000, 0x0000000122080000)

Polling page: 0x0000000107e83000

CodeCache: size=245760Kb used=9090Kb max_used=9874Kb free=236669Kb
 bounds [0x0000000109f69000, 0x000000010a919000, 0x0000000118f69000]
 total_blobs=3538 nmethods=2854 adapters=604
 compilation: enabled

Compilation events (10 events):
Event: 400.658 Thread 0x00007fb8b2040800 3114  s    3       com.sun.javafx.font.PrismFontFactory::getFontFactory (232 bytes)
Event: 400.659 Thread 0x00007fb8b2040800 nmethod 3114 0x000000010a287150 code [0x000000010a287320, 0x000000010a287978]
Event: 400.659 Thread 0x00007fb8b2040800 3115       3       com.sun.javafx.font.PrismFontFactory::isLCDTextSupported (4 bytes)
Event: 400.659 Thread 0x00007fb8b2040800 nmethod 3115 0x000000010a133c10 code [0x000000010a133d80, 0x000000010a133ef0]
Event: 400.659 Thread 0x00007fb8b2040800 3113       3       com.sun.javafx.font.CompositeStrike::getAAMode (18 bytes)
Event: 400.659 Thread 0x00007fb8b2040800 nmethod 3113 0x000000010a0a36d0 code [0x000000010a0a3840, 0x000000010a0a3b08]
Event: 400.659 Thread 0x00007fb8b2040800 3112       1       java.nio.DirectFloatBufferU::isDirect (2 bytes)
Event: 400.659 Thread 0x00007fb8b2040800 nmethod 3112 0x000000010a180d50 code [0x000000010a180ea0, 0x000000010a180fb0]
Event: 400.932 Thread 0x00007fb8b2040800 3116       3       java.util.AbstractSequentialList::iterator (5 bytes)
Event: 400.932 Thread 0x00007fb8b2040800 nmethod 3116 0x000000010a103410 code [0x000000010a103580, 0x000000010a103888]

GC Heap History (6 events):
Event: 1.126 GC heap before
{Heap before GC invocations=1 (full 0):
 PSYoungGen      total 76288K, used 65536K [0x000000076ab00000, 0x0000000770000000, 0x00000007c0000000)
  eden space 65536K, 100% used [0x000000076ab00000,0x000000076eb00000,0x000000076eb00000)
  from space 10752K, 0% used [0x000000076f580000,0x000000076f580000,0x0000000770000000)
  to   space 10752K, 0% used [0x000000076eb00000,0x000000076eb00000,0x000000076f580000)
 ParOldGen       total 175104K, used 0K [0x00000006c0000000, 0x00000006cab00000, 0x000000076ab00000)
  object space 175104K, 0% used [0x00000006c0000000,0x00000006c0000000,0x00000006cab00000)
 Metaspace       used 13338K, capacity 13636K, committed 13824K, reserved 1060864K
  class space    used 1671K, capacity 1768K, committed 1792K, reserved 1048576K
Event: 1.134 GC heap after
Heap after GC invocations=1 (full 0):
 PSYoungGen      total 76288K, used 10438K [0x000000076ab00000, 0x0000000770000000, 0x00000007c0000000)
  eden space 65536K, 0% used [0x000000076ab00000,0x000000076ab00000,0x000000076eb00000)
  from space 10752K, 97% used [0x000000076eb00000,0x000000076f531a60,0x000000076f580000)
  to   space 10752K, 0% used [0x000000076f580000,0x000000076f580000,0x0000000770000000)
 ParOldGen       total 175104K, used 16K [0x00000006c0000000, 0x00000006cab00000, 0x000000076ab00000)
  object space 175104K, 0% used [0x00000006c0000000,0x00000006c0004000,0x00000006cab00000)
 Metaspace       used 13338K, capacity 13636K, committed 13824K, reserved 1060864K
  class space    used 1671K, capacity 1768K, committed 1792K, reserved 1048576K
}
Event: 1.772 GC heap before
{Heap before GC invocations=2 (full 0):
 PSYoungGen      total 76288K, used 62255K [0x000000076ab00000, 0x0000000770000000, 0x00000007c0000000)
  eden space 65536K, 79% used [0x000000076ab00000,0x000000076dd9a558,0x000000076eb00000)
  from space 10752K, 97% used [0x000000076eb00000,0x000000076f531a60,0x000000076f580000)
  to   space 10752K, 0% used [0x000000076f580000,0x000000076f580000,0x0000000770000000)
 ParOldGen       total 175104K, used 16K [0x00000006c0000000, 0x00000006cab00000, 0x000000076ab00000)
  object space 175104K, 0% used [0x00000006c0000000,0x00000006c0004000,0x00000006cab00000)
 Metaspace       used 20741K, capacity 21210K, committed 21296K, reserved 1067008K
  class space    used 2736K, capacity 2883K, committed 2944K, reserved 1048576K
Event: 1.782 GC heap after
Heap after GC invocations=2 (full 0):
 PSYoungGen      total 76288K, used 10747K [0x000000076ab00000, 0x0000000774000000, 0x00000007c0000000)
  eden space 65536K, 0% used [0x000000076ab00000,0x000000076ab00000,0x000000076eb00000)
  from space 10752K, 99% used [0x000000076f580000,0x000000076fffeee0,0x0000000770000000)
  to   space 10752K, 0% used [0x000000076eb00000,0x000000076eb00000,0x000000076f580000)
 ParOldGen       total 175104K, used 2264K [0x00000006c0000000, 0x00000006cab00000, 0x000000076ab00000)
  object space 175104K, 1% used [0x00000006c0000000,0x00000006c0236208,0x00000006cab00000)
 Metaspace       used 20741K, capacity 21210K, committed 21296K, reserved 1067008K
  class space    used 2736K, capacity 2883K, committed 2944K, reserved 1048576K
}
Event: 1.782 GC heap before
{Heap before GC invocations=3 (full 1):
 PSYoungGen      total 76288K, used 10747K [0x000000076ab00000, 0x0000000774000000, 0x00000007c0000000)
  eden space 65536K, 0% used [0x000000076ab00000,0x000000076ab00000,0x000000076eb00000)
  from space 10752K, 99% used [0x000000076f580000,0x000000076fffeee0,0x0000000770000000)
  to   space 10752K, 0% used [0x000000076eb00000,0x000000076eb00000,0x000000076f580000)
 ParOldGen       total 175104K, used 2264K [0x00000006c0000000, 0x00000006cab00000, 0x000000076ab00000)
  object space 175104K, 1% used [0x00000006c0000000,0x00000006c0236208,0x00000006cab00000)
 Metaspace       used 20741K, capacity 21210K, committed 21296K, reserved 1067008K
  class space    used 2736K, capacity 2883K, committed 2944K, reserved 1048576K
Event: 1.812 GC heap after
Heap after GC invocations=3 (full 1):
 PSYoungGen      total 76288K, used 0K [0x000000076ab00000, 0x0000000774000000, 0x00000007c0000000)
  eden space 65536K, 0% used [0x000000076ab00000,0x000000076ab00000,0x000000076eb00000)
  from space 10752K, 0% used [0x000000076f580000,0x000000076f580000,0x0000000770000000)
  to   space 10752K, 0% used [0x000000076eb00000,0x000000076eb00000,0x000000076f580000)
 ParOldGen       total 121856K, used 12655K [0x00000006c0000000, 0x00000006c7700000, 0x000000076ab00000)
  object space 121856K, 10% used [0x00000006c0000000,0x00000006c0c5beb0,0x00000006c7700000)
 Metaspace       used 20741K, capacity 21210K, committed 21296K, reserved 1067008K
  class space    used 2736K, capacity 2883K, committed 2944K, reserved 1048576K
}

Deoptimization events (10 events):
Event: 1.739 Thread 0x00007fb8b404f800 Uncommon trap: reason=unstable_if action=reinterpret pc=0x000000010a191a60 method=java.lang.CharacterData.of(I)Ljava/lang/CharacterData; @ 4
Event: 1.750 Thread 0x00007fb8b404f800 Uncommon trap: reason=unstable_if action=reinterpret pc=0x000000010a25e3c0 method=java.io.UnixFileSystem.normalize(Ljava/lang/String;)Ljava/lang/String; @ 34
Event: 1.762 Thread 0x00007fb8b404f800 Uncommon trap: reason=class_check action=maybe_recompile pc=0x000000010a09a604 method=java.lang.String.equals(Ljava/lang/Object;)Z @ 8
Event: 1.765 Thread 0x00007fb8b404f800 Uncommon trap: reason=unstable_if action=reinterpret pc=0x000000010a4f0c40 method=java.net.URL.<init>(Ljava/net/URL;Ljava/lang/String;Ljava/net/URLStreamHandler;)V @ 347
Event: 1.830 Thread 0x00007fb8b404f800 Uncommon trap: reason=unstable_if action=reinterpret pc=0x000000010a34aa40 method=java.lang.ClassLoader.checkName(Ljava/lang/String;)Z @ 20
Event: 1.960 Thread 0x00007fb8b404f800 Uncommon trap: reason=unstable_if action=reinterpret pc=0x000000010a5534fc method=jdk.internal.org.objectweb.asm.Type.getArgumentsAndReturnSizes(Ljava/lang/String;)I @ 47
Event: 7.548 Thread 0x00007fb8b404f800 Uncommon trap: reason=predicate action=maybe_recompile pc=0x000000010a2efd74 method=sun.net.www.ParseUtil.encodePath(Ljava/lang/String;Z)Ljava/lang/String; @ 36
Event: 7.552 Thread 0x00007fb8b404f800 Uncommon trap: reason=unstable_if action=reinterpret pc=0x000000010a558dec method=java.lang.String.regionMatches(ZILjava/lang/String;II)Z @ 123
Event: 7.559 Thread 0x00007fb8b404f800 Uncommon trap: reason=class_check action=maybe_recompile pc=0x000000010a5bbb0c method=java.io.FilterInputStream.read()I @ 4
Event: 17.752 Thread 0x00007fb8b404f800 Uncommon trap: reason=class_check action=maybe_recompile pc=0x000000010a5bbb0c method=java.io.FilterInputStream.read()I @ 4

Internal exceptions (10 events):
Event: 1.496 Thread 0x00007fb8b404f800 Exception <a 'java/lang/ClassNotFoundException': javafx/scene/layout/GridPaneBeanInfo> (0x000000076cda88f0) thrown at [/Users/java_re/workspace/8-2-build-macosx-x86_64/jdk8u45/3457/hotspot/src/share/vm/classfile/systemDictionary.cpp, line 210]
Event: 1.497 Thread 0x00007fb8b404f800 Exception <a 'java/lang/ClassNotFoundException': javafx/scene/layout/PaneBeanInfo> (0x000000076ce09620) thrown at [/Users/java_re/workspace/8-2-build-macosx-x86_64/jdk8u45/3457/hotspot/src/share/vm/classfile/systemDictionary.cpp, line 210]
Event: 1.498 Thread 0x00007fb8b404f800 Exception <a 'java/lang/ClassNotFoundException': javafx/scene/layout/RegionBeanInfo> (0x000000076ce6a3b0) thrown at [/Users/java_re/workspace/8-2-build-macosx-x86_64/jdk8u45/3457/hotspot/src/share/vm/classfile/systemDictionary.cpp, line 210]
Event: 1.500 Thread 0x00007fb8b404f800 Exception <a 'java/lang/ClassNotFoundException': javafx/scene/ParentBeanInfo> (0x000000076cec6ec0) thrown at [/Users/java_re/workspace/8-2-build-macosx-x86_64/jdk8u45/3457/hotspot/src/share/vm/classfile/systemDictionary.cpp, line 210]
Event: 1.501 Thread 0x00007fb8b404f800 Exception <a 'java/lang/ClassNotFoundException': javafx/scene/NodeBeanInfo> (0x000000076cf230e8) thrown at [/Users/java_re/workspace/8-2-build-macosx-x86_64/jdk8u45/3457/hotspot/src/share/vm/classfile/systemDictionary.cpp, line 210]
Event: 1.502 Thread 0x00007fb8b404f800 Exception <a 'java/lang/ClassNotFoundException': javafx/scene/NodeCustomizer> (0x000000076cf7fb20) thrown at [/Users/java_re/workspace/8-2-build-macosx-x86_64/jdk8u45/3457/hotspot/src/share/vm/classfile/systemDictionary.cpp, line 210]
Event: 1.513 Thread 0x00007fb8b404f800 Exception <a 'java/lang/ClassNotFoundException': javafx/scene/ParentCustomizer> (0x000000076d1c7768) thrown at [/Users/java_re/workspace/8-2-build-macosx-x86_64/jdk8u45/3457/hotspot/src/share/vm/classfile/systemDictionary.cpp, line 210]
Event: 1.516 Thread 0x00007fb8b404f800 Exception <a 'java/lang/ClassNotFoundException': javafx/scene/layout/RegionCustomizer> (0x000000076d289958) thrown at [/Users/java_re/workspace/8-2-build-macosx-x86_64/jdk8u45/3457/hotspot/src/share/vm/classfile/systemDictionary.cpp, line 210]
Event: 1.519 Thread 0x00007fb8b404f800 Exception <a 'java/lang/ClassNotFoundException': javafx/scene/layout/PaneCustomizer> (0x000000076d37b2d0) thrown at [/Users/java_re/workspace/8-2-build-macosx-x86_64/jdk8u45/3457/hotspot/src/share/vm/classfile/systemDictionary.cpp, line 210]
Event: 1.522 Thread 0x00007fb8b404f800 Exception <a 'java/lang/ClassNotFoundException': javafx/scene/layout/GridPaneCustomizer> (0x000000076d433c40) thrown at [/Users/java_re/workspace/8-2-build-macosx-x86_64/jdk8u45/3457/hotspot/src/share/vm/classfile/systemDictionary.cpp, line 210]

Events (10 events):
Event: 400.934 Thread 0x00007fb8b28e4000 Thread exited: 0x00007fb8b28e4000
Event: 400.934 Thread 0x00007fb8b294e000 Thread exited: 0x00007fb8b294e000
Event: 400.934 Thread 0x00007fb8b1806800 Thread exited: 0x00007fb8b1806800
Event: 400.935 Thread 0x00007fb8b23f7800 Thread added: 0x00007fb8b23f7800
Event: 400.935 Thread 0x00007fb8b404f800 Thread exited: 0x00007fb8b404f800
Event: 400.935 loading class java/util/IdentityHashMap$KeySet
Event: 400.935 loading class java/util/IdentityHashMap$KeySet done
Event: 400.935 loading class java/util/IdentityHashMap$KeyIterator
Event: 400.935 loading class java/util/IdentityHashMap$KeyIterator done
Event: 400.935 Thread 0x00007fb8b23f7800 Thread exited: 0x00007fb8b23f7800


Dynamic libraries:
0x000000000b22e000 	/System/Library/Frameworks/Cocoa.framework/Versions/A/Cocoa
0x000000000b22e000 	/System/Library/Frameworks/Security.framework/Versions/A/Security
0x000000000b22e000 	/System/Library/Frameworks/ApplicationServices.framework/Versions/A/ApplicationServices
0x000000000b22e000 	/usr/lib/libz.1.dylib
0x000000000b22e000 	/usr/lib/libSystem.B.dylib
0x000000000b22e000 	/usr/lib/libobjc.A.dylib
0x000000000b22e000 	/System/Library/Frameworks/CoreFoundation.framework/Versions/A/CoreFoundation
0x000000000b22e000 	/System/Library/Frameworks/Foundation.framework/Versions/C/Foundation
0x000000000b22e000 	/System/Library/Frameworks/AppKit.framework/Versions/C/AppKit
0x000000000b22e000 	/System/Library/Frameworks/CoreData.framework/Versions/A/CoreData
0x000000000b22e000 	/System/Library/PrivateFrameworks/RemoteViewServices.framework/Versions/A/RemoteViewServices
0x000000000b22e000 	/System/Library/PrivateFrameworks/UIFoundation.framework/Versions/A/UIFoundation
0x000000000b22e000 	/usr/lib/libScreenReader.dylib
0x000000000b22e000 	/System/Library/Frameworks/Accelerate.framework/Versions/A/Accelerate
0x000000000b22e000 	/System/Library/Frameworks/IOSurface.framework/Versions/A/IOSurface
0x000000000b22e000 	/System/Library/Frameworks/AudioToolbox.framework/Versions/A/AudioToolbox
0x000000000b22e000 	/System/Library/Frameworks/AudioUnit.framework/Versions/A/AudioUnit
0x000000000b22e000 	/System/Library/PrivateFrameworks/DataDetectorsCore.framework/Versions/A/DataDetectorsCore
0x000000000b22e000 	/System/Library/PrivateFrameworks/DesktopServicesPriv.framework/Versions/A/DesktopServicesPriv
0x000000000b22e000 	/System/Library/Frameworks/Carbon.framework/Versions/A/Frameworks/HIToolbox.framework/Versions/A/HIToolbox
0x000000000b22e000 	/System/Library/Frameworks/QuartzCore.framework/Versions/A/QuartzCore
0x000000000b22e000 	/System/Library/Frameworks/Carbon.framework/Versions/A/Frameworks/SpeechRecognition.framework/Versions/A/SpeechRecognition
0x000000000b22e000 	/usr/lib/libauto.dylib
0x000000000b22e000 	/usr/lib/libicucore.A.dylib
0x000000000b22e000 	/usr/lib/libxml2.2.dylib
0x000000000b22e000 	/System/Library/PrivateFrameworks/CoreUI.framework/Versions/A/CoreUI
0x000000000b22e000 	/System/Library/Frameworks/CoreAudio.framework/Versions/A/CoreAudio
0x000000000b22e000 	/System/Library/Frameworks/DiskArbitration.framework/Versions/A/DiskArbitration
0x000000000b22e000 	/usr/lib/liblangid.dylib
0x000000000b22e000 	/System/Library/PrivateFrameworks/MultitouchSupport.framework/Versions/A/MultitouchSupport
0x000000000b22e000 	/System/Library/Frameworks/IOKit.framework/Versions/A/IOKit
0x000000000b22e000 	/usr/lib/libDiagnosticMessagesClient.dylib
0x000000000b22e000 	/System/Library/Frameworks/CoreServices.framework/Versions/A/CoreServices
0x000000000b22e000 	/System/Library/PrivateFrameworks/PerformanceAnalysis.framework/Versions/A/PerformanceAnalysis
0x000000000b22e000 	/System/Library/PrivateFrameworks/GenerationalStorage.framework/Versions/A/GenerationalStorage
0x000000000b22e000 	/System/Library/Frameworks/OpenGL.framework/Versions/A/OpenGL
0x000000000b22e000 	/System/Library/PrivateFrameworks/Sharing.framework/Versions/A/Sharing
0x000000000b22e000 	/System/Library/Frameworks/CoreGraphics.framework/Versions/A/CoreGraphics
0x000000000b22e000 	/System/Library/Frameworks/CoreImage.framework/Versions/A/CoreImage
0x000000000b22e000 	/System/Library/Frameworks/CoreText.framework/Versions/A/CoreText
0x000000000b22e000 	/System/Library/Frameworks/ImageIO.framework/Versions/A/ImageIO
0x000000000b22e000 	/System/Library/PrivateFrameworks/Backup.framework/Versions/A/Backup
0x000000000b22e000 	/usr/lib/libextension.dylib
0x000000000b22e000 	/usr/lib/libarchive.2.dylib
0x000000000b22e000 	/System/Library/Frameworks/CFNetwork.framework/Versions/A/CFNetwork
0x000000000b22e000 	/System/Library/Frameworks/SystemConfiguration.framework/Versions/A/SystemConfiguration
0x000000000b22e000 	/usr/lib/libCRFSuite.dylib
0x000000000b22e000 	/usr/lib/libc++.1.dylib
0x000000000b22e000 	/usr/lib/libc++abi.dylib
0x000000000b22e000 	/usr/lib/system/libcache.dylib
0x000000000b22e000 	/usr/lib/system/libcommonCrypto.dylib
0x000000000b22e000 	/usr/lib/system/libcompiler_rt.dylib
0x000000000b22e000 	/usr/lib/system/libcopyfile.dylib
0x000000000b22e000 	/usr/lib/system/libcorecrypto.dylib
0x000000000b22e000 	/usr/lib/system/libdispatch.dylib
0x000000000b22e000 	/usr/lib/system/libdyld.dylib
0x000000000b22e000 	/usr/lib/system/libkeymgr.dylib
0x000000000b22e000 	/usr/lib/system/liblaunch.dylib
0x000000000b22e000 	/usr/lib/system/libmacho.dylib
0x000000000b22e000 	/usr/lib/system/libquarantine.dylib
0x000000000b22e000 	/usr/lib/system/libremovefile.dylib
0x000000000b22e000 	/usr/lib/system/libsystem_asl.dylib
0x000000000b22e000 	/usr/lib/system/libsystem_blocks.dylib
0x000000000b22e000 	/usr/lib/system/libsystem_c.dylib
0x000000000b22e000 	/usr/lib/system/libsystem_configuration.dylib
0x000000000b22e000 	/usr/lib/system/libsystem_coreservices.dylib
0x000000000b22e000 	/usr/lib/system/libsystem_coretls.dylib
0x000000000b22e000 	/usr/lib/system/libsystem_dnssd.dylib
0x000000000b22e000 	/usr/lib/system/libsystem_info.dylib
0x000000000b22e000 	/usr/lib/system/libsystem_kernel.dylib
0x000000000b22e000 	/usr/lib/system/libsystem_m.dylib
0x000000000b22e000 	/usr/lib/system/libsystem_malloc.dylib
0x000000000b22e000 	/usr/lib/system/libsystem_network.dylib
0x000000000b22e000 	/usr/lib/system/libsystem_networkextension.dylib
0x000000000b22e000 	/usr/lib/system/libsystem_notify.dylib
0x000000000b22e000 	/usr/lib/system/libsystem_platform.dylib
0x000000000b22e000 	/usr/lib/system/libsystem_pthread.dylib
0x000000000b22e000 	/usr/lib/system/libsystem_sandbox.dylib
0x000000000b22e000 	/usr/lib/system/libsystem_secinit.dylib
0x000000000b22e000 	/usr/lib/system/libsystem_trace.dylib
0x000000000b22e000 	/usr/lib/system/libunc.dylib
0x000000000b22e000 	/usr/lib/system/libunwind.dylib
0x000000000b22e000 	/usr/lib/system/libxpc.dylib
0x000000000b22e000 	/usr/lib/libenergytrace.dylib
0x000000000b22e000 	/usr/lib/libbsm.0.dylib
0x000000000b22e000 	/usr/lib/system/libkxld.dylib
0x000000000b22e000 	/usr/lib/libxar.1.dylib
0x000000000b22e000 	/usr/lib/libsqlite3.dylib
0x000000000b22e000 	/usr/lib/libpam.2.dylib
0x000000000b22e000 	/usr/lib/libOpenScriptingUtil.dylib
0x000000000b22e000 	/usr/lib/libbz2.1.0.dylib
0x000000000b22e000 	/usr/lib/liblzma.5.dylib
0x000000000b22e000 	/System/Library/Frameworks/CoreServices.framework/Versions/A/Frameworks/FSEvents.framework/Versions/A/FSEvents
0x000000000b22e000 	/System/Library/Frameworks/CoreServices.framework/Versions/A/Frameworks/CarbonCore.framework/Versions/A/CarbonCore
0x000000000b22e000 	/System/Library/Frameworks/CoreServices.framework/Versions/A/Frameworks/Metadata.framework/Versions/A/Metadata
0x000000000b22e000 	/System/Library/Frameworks/CoreServices.framework/Versions/A/Frameworks/OSServices.framework/Versions/A/OSServices
0x000000000b22e000 	/System/Library/Frameworks/CoreServices.framework/Versions/A/Frameworks/SearchKit.framework/Versions/A/SearchKit
0x000000000b22e000 	/System/Library/Frameworks/CoreServices.framework/Versions/A/Frameworks/AE.framework/Versions/A/AE
0x000000000b22e000 	/System/Library/Frameworks/CoreServices.framework/Versions/A/Frameworks/LaunchServices.framework/Versions/A/LaunchServices
0x000000000b22e000 	/System/Library/Frameworks/CoreServices.framework/Versions/A/Frameworks/DictionaryServices.framework/Versions/A/DictionaryServices
0x000000000b22e000 	/System/Library/Frameworks/CoreServices.framework/Versions/A/Frameworks/SharedFileList.framework/Versions/A/SharedFileList
0x000000000b22e000 	/System/Library/Frameworks/NetFS.framework/Versions/A/NetFS
0x000000000b22e000 	/System/Library/PrivateFrameworks/NetAuth.framework/Versions/A/NetAuth
0x000000000b22e000 	/System/Library/PrivateFrameworks/login.framework/Versions/A/Frameworks/loginsupport.framework/Versions/A/loginsupport
0x000000000b22e000 	/System/Library/PrivateFrameworks/TCC.framework/Versions/A/TCC
0x000000000b22e000 	/usr/lib/libmecabra.dylib
0x000000000b22e000 	/System/Library/Frameworks/ApplicationServices.framework/Versions/A/Frameworks/ATS.framework/Versions/A/ATS
0x000000000b22e000 	/System/Library/Frameworks/ApplicationServices.framework/Versions/A/Frameworks/ColorSync.framework/Versions/A/ColorSync
0x000000000b22e000 	/System/Library/Frameworks/ApplicationServices.framework/Versions/A/Frameworks/HIServices.framework/Versions/A/HIServices
0x000000000b22e000 	/System/Library/Frameworks/ApplicationServices.framework/Versions/A/Frameworks/LangAnalysis.framework/Versions/A/LangAnalysis
0x000000000b22e000 	/System/Library/Frameworks/ApplicationServices.framework/Versions/A/Frameworks/PrintCore.framework/Versions/A/PrintCore
0x000000000b22e000 	/System/Library/Frameworks/ApplicationServices.framework/Versions/A/Frameworks/QD.framework/Versions/A/QD
0x000000000b22e000 	/System/Library/Frameworks/ApplicationServices.framework/Versions/A/Frameworks/SpeechSynthesis.framework/Versions/A/SpeechSynthesis
0x000000000b22e000 	/System/Library/Frameworks/Metal.framework/Versions/A/Metal
0x000000000b22e000 	/System/Library/Frameworks/Accelerate.framework/Versions/A/Frameworks/vImage.framework/Versions/A/vImage
0x000000000b22e000 	/System/Library/Frameworks/Accelerate.framework/Versions/A/Frameworks/vecLib.framework/Versions/A/vecLib
0x000000000b22e000 	/System/Library/Frameworks/Accelerate.framework/Versions/A/Frameworks/vecLib.framework/Versions/A/libvDSP.dylib
0x000000000b22e000 	/System/Library/Frameworks/Accelerate.framework/Versions/A/Frameworks/vecLib.framework/Versions/A/libvMisc.dylib
0x000000000b22e000 	/System/Library/Frameworks/Accelerate.framework/Versions/A/Frameworks/vecLib.framework/Versions/A/libLAPACK.dylib
0x000000000b22e000 	/System/Library/Frameworks/Accelerate.framework/Versions/A/Frameworks/vecLib.framework/Versions/A/libBLAS.dylib
0x000000000b22e000 	/System/Library/Frameworks/Accelerate.framework/Versions/A/Frameworks/vecLib.framework/Versions/A/libLinearAlgebra.dylib
0x000000000b22e000 	/System/Library/Frameworks/Accelerate.framework/Versions/A/Frameworks/vecLib.framework/Versions/A/libSparseBLAS.dylib
0x000000000b22e000 	/System/Library/PrivateFrameworks/GPUCompiler.framework/libmetal_timestamp.dylib
0x000000000b22e000 	/System/Library/Frameworks/OpenGL.framework/Versions/A/Libraries/libCoreFSCache.dylib
0x000000000b22e000 	/System/Library/PrivateFrameworks/IOAccelerator.framework/Versions/A/IOAccelerator
0x000000000b22e000 	/System/Library/Frameworks/ApplicationServices.framework/Versions/A/Frameworks/ATS.framework/Versions/A/Resources/libFontParser.dylib
0x000000000b22e000 	/System/Library/Frameworks/ApplicationServices.framework/Versions/A/Frameworks/ATS.framework/Versions/A/Resources/libFontRegistry.dylib
0x000000000b22e000 	/System/Library/PrivateFrameworks/AppleVPA.framework/Versions/A/AppleVPA
0x000000000b22e000 	/System/Library/PrivateFrameworks/AppleJPEG.framework/Versions/A/AppleJPEG
0x000000000b22e000 	/System/Library/Frameworks/ImageIO.framework/Versions/A/Resources/libJPEG.dylib
0x000000000b22e000 	/System/Library/Frameworks/ImageIO.framework/Versions/A/Resources/libTIFF.dylib
0x000000000b22e000 	/System/Library/Frameworks/ImageIO.framework/Versions/A/Resources/libPng.dylib
0x000000000b22e000 	/System/Library/Frameworks/ImageIO.framework/Versions/A/Resources/libGIF.dylib
0x000000000b22e000 	/System/Library/Frameworks/ImageIO.framework/Versions/A/Resources/libJP2.dylib
0x000000000b22e000 	/System/Library/Frameworks/ImageIO.framework/Versions/A/Resources/libRadiance.dylib
0x000000000b22e000 	/System/Library/Frameworks/CoreVideo.framework/Versions/A/CoreVideo
0x000000000b22e000 	/System/Library/Frameworks/OpenGL.framework/Versions/A/Libraries/libGLU.dylib
0x000000000b22e000 	/System/Library/Frameworks/OpenGL.framework/Versions/A/Libraries/libGFXShared.dylib
0x000000000b22e000 	/System/Library/Frameworks/OpenGL.framework/Versions/A/Libraries/libGL.dylib
0x000000000b22e000 	/System/Library/Frameworks/OpenGL.framework/Versions/A/Libraries/libGLImage.dylib
0x000000000b22e000 	/System/Library/Frameworks/OpenGL.framework/Versions/A/Libraries/libCVMSPluginSupport.dylib
0x000000000b22e000 	/System/Library/Frameworks/OpenGL.framework/Versions/A/Libraries/libCoreVMClient.dylib
0x000000000b22e000 	/usr/lib/libcompression.dylib
0x000000000b22e000 	/usr/lib/libcups.2.dylib
0x000000000b22e000 	/System/Library/Frameworks/Kerberos.framework/Versions/A/Kerberos
0x000000000b22e000 	/System/Library/Frameworks/GSS.framework/Versions/A/GSS
0x000000000b22e000 	/usr/lib/libresolv.9.dylib
0x000000000b22e000 	/usr/lib/libiconv.2.dylib
0x000000000b22e000 	/System/Library/PrivateFrameworks/Heimdal.framework/Versions/A/Heimdal
0x000000000b22e000 	/usr/lib/libheimdal-asn1.dylib
0x000000000b22e000 	/System/Library/Frameworks/OpenDirectory.framework/Versions/A/OpenDirectory
0x000000000b22e000 	/System/Library/PrivateFrameworks/CommonAuth.framework/Versions/A/CommonAuth
0x000000000b22e000 	/System/Library/Frameworks/OpenDirectory.framework/Versions/A/Frameworks/CFOpenDirectory.framework/Versions/A/CFOpenDirectory
0x000000000b22e000 	/System/Library/Frameworks/SecurityFoundation.framework/Versions/A/SecurityFoundation
0x000000000b22e000 	/System/Library/PrivateFrameworks/LanguageModeling.framework/Versions/A/LanguageModeling
0x000000000b22e000 	/usr/lib/libmarisa.dylib
0x000000000b22e000 	/usr/lib/libChineseTokenizer.dylib
0x000000000b22e000 	/usr/lib/libcmph.dylib
0x000000000b22e000 	/System/Library/Frameworks/ServiceManagement.framework/Versions/A/ServiceManagement
0x000000000b22e000 	/usr/lib/libxslt.1.dylib
0x000000000b22e000 	/System/Library/Frameworks/Carbon.framework/Versions/A/Frameworks/Ink.framework/Versions/A/Ink
0x000000000b22e000 	/usr/lib/libFosl_dynamic.dylib
0x000000000b22e000 	/System/Library/PrivateFrameworks/FaceCore.framework/Versions/A/FaceCore
0x000000000b22e000 	/System/Library/Frameworks/OpenCL.framework/Versions/A/OpenCL
0x000000000b22e000 	/System/Library/PrivateFrameworks/CrashReporterSupport.framework/Versions/A/CrashReporterSupport
0x000000000b22e000 	/System/Library/PrivateFrameworks/IconServices.framework/Versions/A/IconServices
0x000000000b22e000 	/System/Library/PrivateFrameworks/Apple80211.framework/Versions/A/Apple80211
0x000000000b22e000 	/System/Library/Frameworks/CoreWLAN.framework/Versions/A/CoreWLAN
0x000000000b22e000 	/System/Library/Frameworks/IOBluetooth.framework/Versions/A/IOBluetooth
0x000000000b22e000 	/System/Library/PrivateFrameworks/CoreWiFi.framework/Versions/A/CoreWiFi
0x000000000b22e000 	/System/Library/Frameworks/CoreBluetooth.framework/Versions/A/CoreBluetooth
0x000000000b22e000 	/System/Library/PrivateFrameworks/ChunkingLibrary.framework/Versions/A/ChunkingLibrary
0x000000000b22e000 	/System/Library/PrivateFrameworks/DebugSymbols.framework/Versions/A/DebugSymbols
0x000000000b22e000 	/System/Library/PrivateFrameworks/CoreSymbolication.framework/Versions/A/CoreSymbolication
0x000000000b22e000 	/System/Library/PrivateFrameworks/Symbolication.framework/Versions/A/Symbolication
0x000000000b22e000 	/System/Library/PrivateFrameworks/SpeechRecognitionCore.framework/Versions/A/SpeechRecognitionCore
0x000000004db06000 	/System/Library/CoreServices/Encodings/libCyrillicConverter.dylib
0x0000000109000000 	/Library/Java/JavaVirtualMachines/jdk1.8.0_45.jdk/Contents/Home/jre/lib/server/libjvm.dylib
0x000000000b22e000 	/usr/lib/libstdc++.6.dylib
0x0000000107e40000 	/Library/Java/JavaVirtualMachines/jdk1.8.0_45.jdk/Contents/Home/jre/lib/libverify.dylib
0x0000000107e4e000 	/Library/Java/JavaVirtualMachines/jdk1.8.0_45.jdk/Contents/Home/jre/lib/libjava.dylib
0x0000000107e84000 	/Library/Java/JavaVirtualMachines/jdk1.8.0_45.jdk/Contents/Home/jre/lib/libjdwp.dylib
0x0000000107ecf000 	/Library/Java/JavaVirtualMachines/jdk1.8.0_45.jdk/Contents/Home/jre/lib/libnpt.dylib
0x0000000107edc000 	/Library/Java/JavaVirtualMachines/jdk1.8.0_45.jdk/Contents/Home/jre/lib/libzip.dylib
0x0000000124f0b000 	/System/Library/Frameworks/JavaVM.framework/Frameworks/JavaRuntimeSupport.framework/JavaRuntimeSupport
0x0000000124f26000 	/System/Library/Frameworks/JavaVM.framework/Versions/A/Frameworks/JavaNativeFoundation.framework/Versions/A/JavaNativeFoundation
0x0000000124f3b000 	/System/Library/Frameworks/JavaVM.framework/Versions/A/JavaVM
0x000000000b22e000 	/System/Library/Frameworks/Carbon.framework/Versions/A/Carbon
0x0000000124f48000 	/System/Library/PrivateFrameworks/JavaLaunching.framework/Versions/A/JavaLaunching
0x000000000b22e000 	/System/Library/Frameworks/Carbon.framework/Versions/A/Frameworks/CommonPanels.framework/Versions/A/CommonPanels
0x000000000b22e000 	/System/Library/Frameworks/Carbon.framework/Versions/A/Frameworks/Help.framework/Versions/A/Help
0x000000000b22e000 	/System/Library/Frameworks/Carbon.framework/Versions/A/Frameworks/ImageCapture.framework/Versions/A/ImageCapture
0x000000000b22e000 	/System/Library/Frameworks/Carbon.framework/Versions/A/Frameworks/OpenScripting.framework/Versions/A/OpenScripting
0x000000000b22e000 	/System/Library/Frameworks/Carbon.framework/Versions/A/Frameworks/Print.framework/Versions/A/Print
0x000000000b22e000 	/System/Library/Frameworks/Carbon.framework/Versions/A/Frameworks/SecurityHI.framework/Versions/A/SecurityHI
0x0000000126868000 	/Library/Java/JavaVirtualMachines/jdk1.8.0_45.jdk/Contents/Home/jre/lib/libdt_socket.dylib
0x0000000126a1b000 	/Library/Java/JavaVirtualMachines/jdk1.8.0_45.jdk/Contents/Home/jre/lib/libprism_es2.dylib
0x000000000b22e000 	/System/Library/Frameworks/OpenGL.framework/Versions/A/Resources/GLEngine.bundle/GLEngine
0x000000000b22e000 	/System/Library/Frameworks/OpenGL.framework/Versions/A/Libraries/libGLProgrammability.dylib
0x0000000126a9d000 	/System/Library/Extensions/AppleIntelHD5000GraphicsGLDriver.bundle/Contents/MacOS/AppleIntelHD5000GraphicsGLDriver
0x000000000b22e000 	/System/Library/PrivateFrameworks/GPUSupport.framework/Versions/A/Libraries/libGPUSupportMercury.dylib
0x000000000b22e000 	/System/Library/Frameworks/OpenGL.framework/Versions/A/Resources/GLRendererFloat.bundle/GLRendererFloat
0x000000000b22e000 	/System/Library/Frameworks/OpenCL.framework/Versions/A/Libraries/libcldcpuengine.dylib
0x000000000b22e000 	/System/Library/PrivateFrameworks/DiskImages.framework/Versions/A/DiskImages
0x000000000b22e000 	/System/Library/Frameworks/DiscRecording.framework/Versions/A/DiscRecording
0x000000000b22e000 	/usr/lib/libcsfde.dylib
0x000000000b22e000 	/usr/lib/libcurl.4.dylib
0x000000000b22e000 	/System/Library/PrivateFrameworks/MediaKit.framework/Versions/A/MediaKit
0x000000000b22e000 	/System/Library/PrivateFrameworks/ProtectedCloudStorage.framework/Versions/A/ProtectedCloudStorage
0x000000000b22e000 	/usr/lib/libCoreStorage.dylib
0x000000000b22e000 	/System/Library/PrivateFrameworks/EFILogin.framework/Versions/A/EFILogin
0x000000000b22e000 	/usr/lib/libutil.dylib
0x000000000b22e000 	/System/Library/PrivateFrameworks/FindMyDevice.framework/Versions/A/FindMyDevice
0x000000000b22e000 	/System/Library/Frameworks/LDAP.framework/Versions/A/LDAP
0x000000000b22e000 	/usr/lib/libsasl2.2.dylib
0x000000000b22e000 	/System/Library/PrivateFrameworks/CoreDaemon.framework/Versions/B/CoreDaemon
0x000000000b22e000 	/usr/lib/libcrypto.0.9.8.dylib
0x000000000b22e000 	/System/Library/PrivateFrameworks/AppleSRP.framework/Versions/A/AppleSRP
0x000000000b22e000 	/System/Library/PrivateFrameworks/TrustEvaluationAgent.framework/Versions/A/TrustEvaluationAgent
0x000000012761f000 	/Library/Java/JavaVirtualMachines/jdk1.8.0_45.jdk/Contents/Home/jre/lib/libglass.dylib
0x000000000b22e000 	/System/Library/PrivateFrameworks/CoreServicesInternal.framework/Versions/A/CoreServicesInternal
0x000000000b22e000 	/System/Library/CoreServices/RawCamera.bundle/Contents/MacOS/RawCamera
0x000000000b22e000 	/System/Library/Frameworks/CoreGraphics.framework/Versions/A/Resources/libRIP.A.dylib
0x000000000b22e000 	/System/Library/Frameworks/Accelerate.framework/Versions/A/Frameworks/vImage.framework/Versions/A/Libraries/libCGInterfaces.dylib
0x000000000b22e000 	/System/Library/PrivateFrameworks/FamilyControls.framework/Versions/A/FamilyControls
0x000000000b22e000 	/System/Library/PrivateFrameworks/CommerceKit.framework/Versions/A/Frameworks/CommerceCore.framework/Versions/A/CommerceCore
0x000000000b22e000 	/System/Library/PrivateFrameworks/SystemAdministration.framework/Versions/A/SystemAdministration
0x000000000b22e000 	/System/Library/PrivateFrameworks/AppContainer.framework/Versions/A/AppContainer
0x000000000b22e000 	/System/Library/PrivateFrameworks/SecCodeWrapper.framework/Versions/A/SecCodeWrapper
0x000000000b22e000 	/System/Library/Frameworks/DirectoryService.framework/Versions/A/DirectoryService
0x000000000b22e000 	/System/Library/PrivateFrameworks/LoginUIKit.framework/Versions/A/Frameworks/LoginUICore.framework/Versions/A/LoginUICore
0x000000000b22e000 	/usr/lib/libodfde.dylib
0x0000000128518000 	/Library/Java/JavaVirtualMachines/jdk1.8.0_45.jdk/Contents/Home/jre/lib/libjavafx_font.dylib
0x000000000b22e000 	/System/Library/Frameworks/CoreGraphics.framework/Versions/A/Resources/libCGXType.A.dylib
0x00000001285c4000 	cl_kernels
0x000000000b22e000 	/System/Library/Frameworks/OpenCL.framework/Versions/A/Libraries/ImageFormats/unorm8_bgra.dylib
0x000000000b22e000 	/System/Library/Frameworks/OpenCL.framework/Versions/A/Libraries/ImageFormats/unorm8_rgba.dylib
0x000000012b60d000 	/Library/Java/JavaVirtualMachines/jdk1.8.0_45.jdk/Contents/Home/jre/lib/libprism_common.dylib
0x000000012dc42000 	/System/Library/Extensions/AppleIntelHD5000GraphicsMTLDriver.bundle/Contents/MacOS/AppleIntelHD5000GraphicsMTLDriver
0x000000012e342000 	/Library/Java/JavaVirtualMachines/jdk1.8.0_45.jdk/Contents/Home/jre/lib/libnet.dylib

VM Arguments:
jvm_args: -agentlib:jdwp=transport=dt_socket,address=127.0.0.1:65064,suspend=y,server=n -Dfile.encoding=UTF-8 
java_command: com.pliskin.Main
java_class_path (initial): /Library/Java/JavaVirtualMachines/jdk1.8.0_45.jdk/Contents/Home/lib/ant-javafx.jar:/Library/Java/JavaVirtualMachines/jdk1.8.0_45.jdk/Contents/Home/lib/dt.jar:/Library/Java/JavaVirtualMachines/jdk1.8.0_45.jdk/Contents/Home/lib/javafx-mx.jar:/Library/Java/JavaVirtualMachines/jdk1.8.0_45.jdk/Contents/Home/lib/jconsole.jar:/Library/Java/JavaVirtualMachines/jdk1.8.0_45.jdk/Contents/Home/lib/packager.jar:/Library/Java/JavaVirtualMachines/jdk1.8.0_45.jdk/Contents/Home/lib/sa-jdi.jar:/Library/Java/JavaVirtualMachines/jdk1.8.0_45.jdk/Contents/Home/lib/tools.jar:/Library/Java/JavaVirtualMachines/jdk1.8.0_45.jdk/Contents/Home/jre/lib/charsets.jar:/Library/Java/JavaVirtualMachines/jdk1.8.0_45.jdk/Contents/Home/jre/lib/deploy.jar:/Library/Java/JavaVirtualMachines/jdk1.8.0_45.jdk/Contents/Home/jre/lib/javaws.jar:/Library/Java/JavaVirtualMachines/jdk1.8.0_45.jdk/Contents/Home/jre/lib/jce.jar:/Library/Java/JavaVirtualMachines/jdk1.8.0_45.jdk/Contents/Home/jre/lib/jfr.jar:/Library/Java/JavaVirtualMachines/jdk1.8.0_45.jdk/Contents/Home/jre/lib/jfxswt.jar:/Library/Java/JavaVirtualMachines/jdk1.8.0_45.jdk/Contents/Home/jre/lib/jsse.jar:/Library/Java/JavaVirtualMachines/jdk1.8.0_45.jdk/Contents/Home/jre/lib/management-agent.jar:/Library/Java/JavaVirtualMachines/jdk1.8.0_45.jdk/Contents/Home/jre/lib/plugin.jar:/Library/Java/JavaVirtualMachines/jdk1.8.0_45.jdk/Contents/Home/jre/lib/resources.jar:/Library/Java/JavaVirtualMachines/jdk1.8.0_45.jdk/Contents/Home/jre/lib/rt.jar:/Library/Java/JavaVirtualMachines/jdk1.8.0_45.jdk/Contents/Home/jre/lib/ext/cldrdata.jar:/Library/Java/JavaVirtualMachines/jdk1.8.0_45.jdk/Contents/Home/jre/lib/ext/dnsns.jar:/Library/Java/JavaVirtualMachines/jdk1.8.0_45.jdk/Contents/Home/jre/lib/ext/jfxrt.jar:/Library/Java/JavaVirtualMachines/jdk1.8.0_45.jdk/Contents/Home/jre/lib/ext/localedata.jar:/Library/Java/JavaVirtualMachines/jdk1.8.0_45.jdk/Contents/Home/jre/lib/ext/nashorn.jar:/Library/Java/JavaVirtualMachines/jdk1.8.0_45.jdk/Conten
Launcher Type: SUN_STANDARD

Environment Variables:
PATH=/Users/aleksandrpliskin/.rvm/gems/ruby-2.2.4/bin:/Users/aleksandrpliskin/.rvm/gems/ruby-2.2.4@global/bin:/Users/aleksandrpliskin/.rvm/rubies/ruby-2.2.4/bin:/Library/Frameworks/Python.framework/Versions/2.7/bin:/Users/aleksandrpliskin/.dnx/runtimes/dnx-mono.1.0.0-beta7/bin:/Users/aleksandrpliskin/.dnx/bin:/usr/local/mysql/bin:/usr/local/bin:/usr/bin:/bin:/usr/sbin:/sbin:/Users/aleksandrpliskin/.rvm/bin
SHELL=/bin/bash

Signal Handlers:
SIGSEGV: [libjvm.dylib+0x58ef95], sa_mask[0]=11111111011111110111111111111111, sa_flags=SA_ONSTACK|SA_RESTART|SA_SIGINFO
SIGBUS: [libjvm.dylib+0x58ef95], sa_mask[0]=11111111011111110111111111111111, sa_flags=SA_RESTART|SA_SIGINFO
SIGFPE: [libjvm.dylib+0x46c108], sa_mask[0]=11111111011111110111111111111111, sa_flags=SA_RESTART|SA_SIGINFO
SIGPIPE: [libjvm.dylib+0x46c108], sa_mask[0]=11111111011111110111111111111111, sa_flags=SA_RESTART|SA_SIGINFO
SIGXFSZ: [libjvm.dylib+0x46c108], sa_mask[0]=11111111011111110111111111111111, sa_flags=SA_RESTART|SA_SIGINFO
SIGILL: [libjvm.dylib+0x46c108], sa_mask[0]=11111111011111110111111111111111, sa_flags=SA_RESTART|SA_SIGINFO
SIGUSR1: SIG_DFL, sa_mask[0]=00000000000000000000000000000000, sa_flags=none
SIGUSR2: [libjvm.dylib+0x46bc26], sa_mask[0]=00100000000000000000000000000000, sa_flags=SA_RESTART|SA_SIGINFO
SIGHUP: [libjvm.dylib+0x46a1f9], sa_mask[0]=11111111011111110111111111111111, sa_flags=SA_RESTART|SA_SIGINFO
SIGINT: [libjvm.dylib+0x46a1f9], sa_mask[0]=11111111011111110111111111111111, sa_flags=SA_RESTART|SA_SIGINFO
SIGTERM: [libjvm.dylib+0x46a1f9], sa_mask[0]=11111111011111110111111111111111, sa_flags=SA_RESTART|SA_SIGINFO
SIGQUIT: [libjvm.dylib+0x46a1f9], sa_mask[0]=11111111011111110111111111111111, sa_flags=SA_RESTART|SA_SIGINFO


---------------  S Y S T E M  ---------------

OS:Bsduname:Darwin 15.5.0 Darwin Kernel Version 15.5.0: Tue Apr 19 18:36:36 PDT 2016; root:xnu-3248.50.21~8/RELEASE_X86_64 x86_64
rlimit: STACK 8192k, CORE 0k, NPROC 709, NOFILE 10240, AS infinity
load average:3.10 3.66 3.55

CPU:total 8 (4 cores per cpu, 2 threads per core) family 6 model 70 stepping 1, cmov, cx8, fxsr, mmx, sse, sse2, sse3, ssse3, sse4.1, sse4.2, popcnt, avx, avx2, aes, clmul, erms, lzcnt, ht, tsc, tscinvbit, bmi1, bmi2

Memory: 4k page, physical 16777216k(1759300k free)

/proc/meminfo:


vm_info: Java HotSpot(TM) 64-Bit Server VM (25.45-b02) for bsd-amd64 JRE (1.8.0_45-b14), built on Apr 10 2015 10:46:38 by "java_re" with gcc 4.2.1 (Based on Apple Inc. build 5658) (LLVM build 2336.11.00)

time: Thu May 26 23:31:39 2016
elapsed time: 401 seconds (0d 0h 6m 41s)

